<?xml version="1.0" encoding="UTF-8"?>
<!-- Generated by org.testng.reporters.JUnitXMLReporter -->
<testsuite ignored="0" hostname="AartiRaj" failures="0" tests="3" name="Test" time="21.514" errors="0" timestamp="2024-09-12T08:23:20 IST">
  <testcase classname="testCases.TC_01_LoginWithValidCred" name="loginTest" time="2.131"/>
  <testcase classname="testCases.TC_02_LoginWithInvalid" name="loginTestInvalid" time="1.694"/>
  <testcase classname="testCases.TC_03_LoginWithoutCred" name="loginTestWithoutCred" time="1.555"/>
</testsuite> <!-- Test -->
