<?xml version="1.0" encoding="UTF-8"?>
<testng-results ignored="0" total="1" passed="1" failed="0" skipped="0">
  <reporter-output>
  </reporter-output>
  <suite started-at="2024-09-12T10:26:51 IST" name="Default suite" finished-at="2024-09-12T10:27:07 IST" duration-ms="16103">
    <groups>
    </groups>
    <test started-at="2024-09-12T10:26:51 IST" name="Default test" finished-at="2024-09-12T10:27:07 IST" duration-ms="16103">
      <class name="testCases.TC_04_Registering_Single_patient">
        <test-method is-config="true" signature="setUp()[pri:0, instance:testCases.TC_04_Registering_Single_patient@44c03695]" started-at="2024-09-12T10:26:51 IST" name="setUp" finished-at="2024-09-12T10:26:59 IST" duration-ms="8050" status="PASS">
          <reporter-output>
          </reporter-output>
        </test-method> <!-- setUp -->
        <test-method signature="registertingPatient()[pri:0, instance:testCases.TC_04_Registering_Single_patient@44c03695]" started-at="2024-09-12T10:26:59 IST" name="registertingPatient" finished-at="2024-09-12T10:27:07 IST" duration-ms="7999" status="PASS">
          <reporter-output>
          </reporter-output>
        </test-method> <!-- registertingPatient -->
        <test-method is-config="true" signature="tearDown()[pri:0, instance:testCases.TC_04_Registering_Single_patient@44c03695]" started-at="2024-09-12T10:27:07 IST" name="tearDown" finished-at="2024-09-12T10:27:07 IST" duration-ms="0" status="PASS">
          <reporter-output>
          </reporter-output>
        </test-method> <!-- tearDown -->
      </class> <!-- testCases.TC_04_Registering_Single_patient -->
    </test> <!-- Default test -->
  </suite> <!-- Default suite -->
</testng-results>
